<?xml version="1.0" encoding="UTF-8"?>
<testng-results ignored="0" total="1" passed="1" failed="0" skipped="0">
  <reporter-output>
  </reporter-output>
  <suite started-at="2024-05-07T19:34:56 EDT" name="Default suite" finished-at="2024-05-07T19:35:18 EDT" duration-ms="21764">
    <groups>
    </groups>
    <test started-at="2024-05-07T19:34:56 EDT" name="Default test" finished-at="2024-05-07T19:35:18 EDT" duration-ms="21764">
      <class name="com.qa.WEBstaurant.tests.SearchTest">
        <test-method is-config="true" signature="setUp()[pri:0, instance:com.qa.WEBstaurant.tests.SearchTest@25fb8912]" started-at="2024-05-07T19:34:56 EDT" name="setUp" finished-at="2024-05-07T19:35:02 EDT" duration-ms="6035" status="PASS">
          <reporter-output>
          </reporter-output>
        </test-method> <!-- setUp -->
        <test-method signature="verifyItemSearchAndDelete()[pri:1, instance:com.qa.WEBstaurant.tests.SearchTest@25fb8912]" started-at="2024-05-07T19:35:02 EDT" name="verifyItemSearchAndDelete" finished-at="2024-05-07T19:35:18 EDT" duration-ms="15683" status="PASS">
          <reporter-output>
          </reporter-output>
        </test-method> <!-- verifyItemSearchAndDelete -->
        <test-method is-config="true" signature="TearDown()[pri:0, instance:com.qa.WEBstaurant.tests.SearchTest@25fb8912]" started-at="2024-05-07T19:35:18 EDT" name="TearDown" finished-at="2024-05-07T19:35:18 EDT" duration-ms="0" status="PASS">
          <reporter-output>
          </reporter-output>
        </test-method> <!-- TearDown -->
      </class> <!-- com.qa.WEBstaurant.tests.SearchTest -->
    </test> <!-- Default test -->
  </suite> <!-- Default suite -->
</testng-results>
